#
# There is insufficient memory for the Java Runtime Environment to continue.
# Native memory allocation (malloc) failed to allocate 32784 bytes for Chunk::new
# Possible reasons:
#   The system is out of physical RAM or swap space
#   In 32 bit mode, the process size limit was hit
# Possible solutions:
#   Reduce memory load on the system
#   Increase physical memory or swap space
#   Check if swap backing store is full
#   Use 64 bit Java on a 64 bit OS
#   Decrease Java heap size (-Xmx/-Xms)
#   Decrease number of Java threads
#   Decrease Java thread stack sizes (-Xss)
#   Set larger code cache with -XX:ReservedCodeCacheSize=
# This output file may be truncated or incomplete.
#
#  Out of Memory Error (allocation.cpp:390), pid=3988, tid=3668
#
# JRE version: Java(TM) SE Runtime Environment (8.0_65-b17) (build 1.8.0_65-b17)
# Java VM: Java HotSpot(TM) 64-Bit Server VM (25.65-b01 mixed mode windows-amd64 compressed oops)
# Failed to write core dump. Minidumps are not enabled by default on client versions of Windows
#

---------------  T H R E A D  ---------------

Current thread (0x00000000149a0000):  JavaThread "C2 CompilerThread1" daemon [_thread_in_native, id=3668, stack(0x00000000160d0000,0x00000000161d0000)]

Stack: [0x00000000160d0000,0x00000000161d0000]
[error occurred during error reporting (printing stack bounds), id 0xc0000005]

Native frames: (J=compiled Java code, j=interpreted, Vv=VM code, C=native code)


Current CompileTask:
C2:   2461 1146       4       com.android.dx.rop.code.Rops::ropFor (771 bytes)


---------------  P R O C E S S  ---------------

Java Threads: ( => current thread )
  0x0000000016563000 JavaThread "pool-2-thread-4" [_thread_blocked, id=9020, stack(0x0000000016cd0000,0x0000000016dd0000)]
  0x000000001654f800 JavaThread "pool-2-thread-3" [_thread_blocked, id=4664, stack(0x0000000016bd0000,0x0000000016cd0000)]
  0x00000000164f5000 JavaThread "pool-2-thread-2" [_thread_in_Java, id=1104, stack(0x0000000016ad0000,0x0000000016bd0000)]
  0x0000000016407000 JavaThread "pool-3-thread-1" [_thread_blocked, id=6468, stack(0x00000000169d0000,0x0000000016ad0000)]
  0x0000000016402800 JavaThread "pool-2-thread-1" [_thread_blocked, id=3840, stack(0x00000000168d0000,0x00000000169d0000)]
  0x00000000162ed800 JavaThread "Service Thread" daemon [_thread_blocked, id=2376, stack(0x00000000166d0000,0x00000000167d0000)]
  0x00000000149f4000 JavaThread "C1 CompilerThread2" daemon [_thread_blocked, id=7828, stack(0x00000000161d0000,0x00000000162d0000)]
=>0x00000000149a0000 JavaThread "C2 CompilerThread1" daemon [_thread_in_native, id=3668, stack(0x00000000160d0000,0x00000000161d0000)]
  0x0000000014999000 JavaThread "C2 CompilerThread0" daemon [_thread_blocked, id=3380, stack(0x0000000015fd0000,0x00000000160d0000)]
  0x0000000014997000 JavaThread "Attach Listener" daemon [_thread_blocked, id=636, stack(0x0000000015ed0000,0x0000000015fd0000)]
  0x0000000014995800 JavaThread "Signal Dispatcher" daemon [_thread_blocked, id=7544, stack(0x0000000015dd0000,0x0000000015ed0000)]
  0x00000000022c0800 JavaThread "Finalizer" daemon [_thread_blocked, id=8, stack(0x0000000015bf0000,0x0000000015cf0000)]
  0x00000000022bd800 JavaThread "Reference Handler" daemon [_thread_blocked, id=5584, stack(0x0000000015af0000,0x0000000015bf0000)]
  0x00000000021ce000 JavaThread "main" [_thread_in_native, id=6840, stack(0x0000000002010000,0x0000000002110000)]

Other Threads:
  0x0000000014968000 VMThread [stack: 0x00000000159f0000,0x0000000015af0000] [id=2576]
  0x00000000162f2800 WatcherThread [stack: 0x00000000167d0000,0x00000000168d0000] [id=4960]

VM state:not at safepoint (normal execution)

VM Mutex/Monitor currently owned by a thread: None

Heap:
 PSYoungGen      total 38400K, used 7262K [0x00000000eab00000, 0x00000000ed580000, 0x0000000100000000)
  eden space 33280K, 6% used [0x00000000eab00000,0x00000000ead1e280,0x00000000ecb80000)
  from space 5120K, 99% used [0x00000000ecb80000,0x00000000ed0796e8,0x00000000ed080000)
  to   space 5120K, 0% used [0x00000000ed080000,0x00000000ed080000,0x00000000ed580000)
 ParOldGen       total 87552K, used 5507K [0x00000000c0000000, 0x00000000c5580000, 0x00000000eab00000)
  object space 87552K, 6% used [0x00000000c0000000,0x00000000c0560dc0,0x00000000c5580000)
 Metaspace       used 5736K, capacity 6896K, committed 7040K, reserved 1056768K
  class space    used 581K, capacity 616K, committed 640K, reserved 1048576K

Card table byte_map: [0x0000000011690000,0x00000000118a0000] byte_map_base: 0x0000000011090000

Marking Bits: (ParMarkBitMap*) 0x000000005ba8a5b0
 Begin Bits: [0x0000000011e00000, 0x0000000012e00000)
 End Bits:   [0x0000000012e00000, 0x0000000013e00000)

Polling page: 0x0000000000710000

CodeCache: size=245760Kb used=4725Kb max_used=4737Kb free=241034Kb
 bounds [0x00000000022d0000, 0x0000000002780000, 0x00000000112d0000]
 total_blobs=1430 nmethods=1168 adapters=175
 compilation: enabled

Compilation events (10 events):
Event: 2.384 Thread 0x0000000014999000 1170 %     4       java.util.BitSet::cardinality @ 4 (32 bytes)
Event: 2.387 Thread 0x0000000014999000 nmethod 1170% 0x0000000002770590 code [0x00000000027706e0, 0x0000000002770878]
Event: 2.387 Thread 0x0000000014999000 1154       4       com.android.dx.ssa.SsaMethod::bitSetFromLabelList (47 bytes)
Event: 2.395 Thread 0x0000000014999000 nmethod 1154 0x000000000276a8d0 code [0x000000000276aa40, 0x000000000276aee8]
Event: 2.395 Thread 0x0000000014999000 1151       4       com.android.dx.util.LabeledList::set (45 bytes)
Event: 2.407 Thread 0x0000000014999000 nmethod 1151 0x0000000002771610 code [0x0000000002771780, 0x0000000002771e78]
Event: 2.407 Thread 0x0000000014999000 1153       4       com.android.dx.rop.code.BasicBlockList$RegCountVisitor::visitPlainInsn (6 bytes)
Event: 2.411 Thread 0x0000000014999000 nmethod 1153 0x0000000002770dd0 code [0x0000000002770f20, 0x0000000002771198]
Event: 2.411 Thread 0x0000000014999000 1152       4       com.android.dx.rop.code.BasicBlockList::set (12 bytes)
Event: 2.426 Thread 0x0000000014999000 nmethod 1152 0x0000000002774350 code [0x00000000027744c0, 0x0000000002774b98]

GC Heap History (2 events):
Event: 2.341 GC heap before
{Heap before GC invocations=1 (full 0):
 PSYoungGen      total 38400K, used 33280K [0x00000000eab00000, 0x00000000ed580000, 0x0000000100000000)
  eden space 33280K, 100% used [0x00000000eab00000,0x00000000ecb80000,0x00000000ecb80000)
  from space 5120K, 0% used [0x00000000ed080000,0x00000000ed080000,0x00000000ed580000)
  to   space 5120K, 0% used [0x00000000ecb80000,0x00000000ecb80000,0x00000000ed080000)
 ParOldGen       total 87552K, used 0K [0x00000000c0000000, 0x00000000c5580000, 0x00000000eab00000)
  object space 87552K, 0% used [0x00000000c0000000,0x00000000c0000000,0x00000000c5580000)
 Metaspace       used 5728K, capacity 6896K, committed 7040K, reserved 1056768K
  class space    used 581K, capacity 616K, committed 640K, reserved 1048576K
Event: 2.354 GC heap after
Heap after GC invocations=1 (full 0):
 PSYoungGen      total 38400K, used 5093K [0x00000000eab00000, 0x00000000ed580000, 0x0000000100000000)
  eden space 33280K, 0% used [0x00000000eab00000,0x00000000eab00000,0x00000000ecb80000)
  from space 5120K, 99% used [0x00000000ecb80000,0x00000000ed0796e8,0x00000000ed080000)
  to   space 5120K, 0% used [0x00000000ed080000,0x00000000ed080000,0x00000000ed580000)
 ParOldGen       total 87552K, used 5507K [0x00000000c0000000, 0x00000000c5580000, 0x00000000eab00000)
  object space 87552K, 6% used [0x00000000c0000000,0x00000000c0560dc0,0x00000000c5580000)
 Metaspace       used 5728K, capacity 6896K, committed 7040K, reserved 1056768K
  class space    used 581K, capacity 616K, committed 640K, reserved 1048576K
}

Deoptimization events (10 events):
Event: 1.934 Thread 0x0000000016402800 Uncommon trap: reason=unstable_if action=reinterpret pc=0x0000000002547d64 method=com.android.dx.rop.code.RegisterSpec.equals(ILcom/android/dx/rop/type/TypeBearer;Lcom/android/dx/rop/code/LocalItem;)Z @ 24
Event: 1.934 Thread 0x0000000016402800 Uncommon trap: reason=unstable_if action=reinterpret pc=0x0000000002519dd4 method=java.util.HashMap.getNode(ILjava/lang/Object;)Ljava/util/HashMap$Node; @ 129
Event: 1.934 Thread 0x0000000016402800 Uncommon trap: reason=unstable_if action=reinterpret pc=0x000000000253d36c method=java.util.HashMap.getNode(ILjava/lang/Object;)Ljava/util/HashMap$Node; @ 129
Event: 1.935 Thread 0x0000000016402800 Uncommon trap: reason=unstable_if action=reinterpret pc=0x000000000255a48c method=com.android.dx.rop.code.RegisterSpec.equals(ILcom/android/dx/rop/type/TypeBearer;Lcom/android/dx/rop/code/LocalItem;)Z @ 24
Event: 1.941 Thread 0x00000000164f5000 Uncommon trap: reason=unloaded action=reinterpret pc=0x0000000002563edc method=com.android.dx.ssa.SsaRenamer$BlockRenamer.visitMoveInsn(Lcom/android/dx/ssa/NormalSsaInsn;)V @ 208
Event: 1.941 Thread 0x00000000164f5000 Uncommon trap: reason=unstable_if action=reinterpret pc=0x000000000263c1d4 method=com.android.dx.ssa.NormalSsaInsn.getLocalAssignment()Lcom/android/dx/rop/code/RegisterSpec; @ 12
Event: 1.941 Thread 0x00000000164f5000 Uncommon trap: reason=unstable_if action=reinterpret pc=0x00000000025a0628 method=com.android.dx.ssa.NormalSsaInsn.getLocalAssignment()Lcom/android/dx/rop/code/RegisterSpec; @ 12
Event: 1.943 Thread 0x0000000016402800 Uncommon trap: reason=unstable_if action=reinterpret pc=0x00000000025bbf30 method=com.android.dx.ssa.NormalSsaInsn.getLocalAssignment()Lcom/android/dx/rop/code/RegisterSpec; @ 12
Event: 1.967 Thread 0x00000000164f5000 Uncommon trap: reason=unstable_if action=reinterpret pc=0x00000000026b3660 method=com.android.dx.util.IntList.binarysearch(I)I @ 26
Event: 2.213 Thread 0x0000000016563000 Uncommon trap: reason=null_check action=make_not_entrant pc=0x000000000272370c method=com.android.dx.ssa.SsaRenamer.getLocalForNewReg(I)Lcom/android/dx/rop/code/LocalItem; @ 19

Internal exceptions (3 events):
Event: 0.073 Thread 0x00000000021ce000 Exception <a 'java/lang/NoSuchMethodError': Method sun.misc.Unsafe.defineClass(Ljava/lang/String;[BII)Ljava/lang/Class; name or signature does not match> (0x00000000eab0d7d8) thrown at [C:\workspace\8-2-build-windows-amd64-cygwin\jdk8u65\4987\hotspot\src\sËC∆∑<≥≤?
Event: 0.073 Thread 0x00000000021ce000 Exception <a 'java/lang/NoSuchMethodError': Method sun.misc.Unsafe.prefetchRead(Ljava/lang/Object;J)V name or signature does not match> (0x00000000eab0dac0) thrown at [C:\workspace\8-2-build-windows-amd64-cygwin\jdk8u65\4987\hotspot\src\share\vm\prims\jni.ù˘wXj¥@
Event: 2.213 Thread 0x0000000016563000 Implicit null exception at 0x0000000002721491 to 0x00000000027236ed

Events (10 events):
Event: 2.146 Thread 0x00000000164f5000 DEOPT UNPACKING pc=0x000000000231787f sp=0x0000000016bce848 mode 0
Event: 2.146 Thread 0x00000000164f5000 DEOPT PACKING pc=0x000000000261203a sp=0x0000000016bceae0
Event: 2.146 Thread 0x00000000164f5000 DEOPT UNPACKING pc=0x000000000231787f sp=0x0000000016bce848 mode 0
Event: 2.210 loading class com/android/dx/cf/attrib/AttEnclosingMethod
Event: 2.210 loading class com/android/dx/cf/attrib/AttEnclosingMethod done
Event: 2.213 Thread 0x0000000016563000 Uncommon trap: trap_request=0xfffffff4 fr.pc=0x000000000272370c
Event: 2.213 Thread 0x0000000016563000 DEOPT PACKING pc=0x000000000272370c sp=0x0000000016dce930
Event: 2.213 Thread 0x0000000016563000 DEOPT UNPACKING pc=0x000000000231582a sp=0x0000000016dce7f8 mode 2
Event: 2.341 Executing VM operation: ParallelGCFailedAllocation
Event: 2.354 Executing VM operation: ParallelGCFailedAllocation done


Dynamic libraries:
0x00007ff627500000 - 0x00007ff627537000 	C:\Program Files\Java\jdk1.8.0_65\bin\java.exe
0x00007ffdb86c0000 - 0x00007ffdb8881000 	C:\WINDOWS\SYSTEM32\ntdll.dll
0x00007ffdb7fc0000 - 0x00007ffdb806d000 	C:\WINDOWS\system32\KERNEL32.DLL
0x00007ffdb5600000 - 0x00007ffdb57e8000 	C:\WINDOWS\system32\KERNELBASE.dll
0x00007ffdb7bf0000 - 0x00007ffdb7c97000 	C:\WINDOWS\system32\ADVAPI32.dll
0x00007ffdb5be0000 - 0x00007ffdb5c7d000 	C:\WINDOWS\system32\msvcrt.dll
0x00007ffdb60e0000 - 0x00007ffdb613b000 	C:\WINDOWS\system32\sechost.dll
0x00007ffdb5ac0000 - 0x00007ffdb5bdc000 	C:\WINDOWS\system32\RPCRT4.dll
0x00007ffdb81a0000 - 0x00007ffdb82f6000 	C:\WINDOWS\system32\USER32.dll
0x00007ffdb8510000 - 0x00007ffdb8696000 	C:\WINDOWS\system32\GDI32.dll
0x00007ffda7450000 - 0x00007ffda76c4000 	C:\WINDOWS\WinSxS\amd64_microsoft.windows.common-controls_6595b64144ccf1df_6.0.10586.494_none_a2d8b04ea53e3145\COMCTL32.dll
0x00007ffdb5c80000 - 0x00007ffdb5efd000 	C:\WINDOWS\system32\combase.dll
0x00007ffdb4dd0000 - 0x00007ffdb4e3a000 	C:\WINDOWS\system32\bcryptPrimitives.dll
0x00007ffdb7bb0000 - 0x00007ffdb7beb000 	C:\WINDOWS\system32\IMM32.DLL
0x000000005b040000 - 0x000000005b112000 	C:\Program Files\Java\jdk1.8.0_65\jre\bin\msvcr100.dll
0x000000005b280000 - 0x000000005bb09000 	C:\Program Files\Java\jdk1.8.0_65\jre\bin\server\jvm.dll
0x00007ffdb86b0000 - 0x00007ffdb86b8000 	C:\WINDOWS\system32\PSAPI.DLL
0x00007ffda7820000 - 0x00007ffda7829000 	C:\WINDOWS\SYSTEM32\WSOCK32.dll
0x00007ffdb6070000 - 0x00007ffdb60db000 	C:\WINDOWS\system32\WS2_32.dll
0x00007ffdb2950000 - 0x00007ffdb295a000 	C:\WINDOWS\SYSTEM32\VERSION.dll
0x00007ffdb34f0000 - 0x00007ffdb3513000 	C:\WINDOWS\SYSTEM32\WINMM.dll
0x00007ffdb3490000 - 0x00007ffdb34bc000 	C:\WINDOWS\SYSTEM32\WINMMBASE.dll
0x00007ffdb58a0000 - 0x00007ffdb58e3000 	C:\WINDOWS\system32\cfgmgr32.dll
0x000000005c1a0000 - 0x000000005c1af000 	C:\Program Files\Java\jdk1.8.0_65\jre\bin\verify.dll
0x000000005bf50000 - 0x000000005bf79000 	C:\Program Files\Java\jdk1.8.0_65\jre\bin\java.dll
0x000000005bf30000 - 0x000000005bf46000 	C:\Program Files\Java\jdk1.8.0_65\jre\bin\zip.dll
0x00007ffdb6140000 - 0x00007ffdb769c000 	C:\WINDOWS\system32\SHELL32.dll
0x00007ffdb4f00000 - 0x00007ffdb5545000 	C:\WINDOWS\system32\windows.storage.dll
0x00007ffdb8090000 - 0x00007ffdb80e2000 	C:\WINDOWS\system32\shlwapi.dll
0x00007ffdb4d60000 - 0x00007ffdb4d6f000 	C:\WINDOWS\system32\kernel.appcore.dll
0x00007ffdb4e40000 - 0x00007ffdb4ef5000 	C:\WINDOWS\system32\shcore.dll
0x00007ffdb4cf0000 - 0x00007ffdb4d3b000 	C:\WINDOWS\system32\powrprof.dll
0x00007ffdb4d40000 - 0x00007ffdb4d54000 	C:\WINDOWS\system32\profapi.dll

VM Arguments:
jvm_args: -Djava.awt.headless=true -Xmx1024M -Dfile.encoding=windows-1252 -Duser.country=US -Duser.language=en -Duser.variant 
java_command: com.android.dx.command.Main --dex --force-jumbo --num-threads=4 --multi-dex --output C:\Users\jman0_000\Documents\prank-call\app\build\intermediates\transforms\dex\debug\folders\1000\5\slice_2 C:\Users\jman0_000\Documents\prank-call\app\build\intermediates\transforms\instantRunSlicer\debug\folders\1\5\slice_2
java_class_path (initial): C:\Users\jman0_000\AppData\Local\Android\sdk\build-tools\24.0.1\lib\dx.jar
Launcher Type: SUN_STANDARD

Environment Variables:
JAVA_HOME=C:\Program Files\Java\jdk1.8.0_65
PATH=C:\ProgramData\Oracle\Java\javapath;C:\Program Files (x86)\Lenovo\FusionEngine;C:\Program Files (x86)\Intel\iCLS Client\;C:\Program Files\Intel\iCLS Client\;C:\WINDOWS\system32;C:\WINDOWS;C:\WINDOWS\System32\Wbem;C:\WINDOWS\System32\WindowsPowerShell\v1.0\;C:\Program Files\Intel\Intel(R) Management Engine Components\DAL;C:\Program Files\Intel\Intel(R) Management Engine Components\IPT;C:\Program Files (x86)\Intel\Intel(R) Management Engine Components\DAL;C:\Program Files (x86)\Intel\Intel(R) Management Engine Components\IPT;C:\Program Files\Intel\WiFi\bin\;C:\Program Files\Common Files\Intel\WirelessCommon\;C:\Program Files (x86)\Heroku\bin;C:\Program Files (x86)\git\cmd;C:\Program Files\apache-maven-3.3.9;C:\Program Files\apache-maven-3.3.9\bin;C:\Program Files\Java\jdk1.8.0_65;C:\Program Files\PostgreSQL\9.5\bin;C:\Program Files (x86)\Skype\Phone\;C:\HashiCorp\Vagrant\bin;C:\Program Files\Java
USERNAME=jman0_000
OS=Windows_NT
PROCESSOR_IDENTIFIER=Intel64 Family 6 Model 69 Stepping 1, GenuineIntel



---------------  S Y S T E M  ---------------

OS: Windows 10.0 , 64 bit Build 10586 (10.0.10586.0)

CPU:total 4 (2 cores per cpu, 2 threads per core) family 6 model 69 stepping 1, cmov, cx8, fxsr, mmx, sse, sse2, sse3, ssse3, sse4.1, sse4.2, popcnt, avx, avx2, aes, clmul, erms, lzcnt, ht, tsc, tscinvbit, bmi1, bmi2

Memory: 4k page, physical 8278296k(1419508k free), swap 8278296k(5316k free)

vm_info: Java HotSpot(TM) 64-Bit Server VM (25.65-b01) for windows-amd64 JRE (1.8.0_65-b17), built on Oct  6 2015 16:39:20 by "java_re" with MS VC++ 10.0 (VS2010)

time: Sun Aug 14 20:59:48 2016
elapsed time: 2 seconds (0d 0h 0m 2s)

